[2021-12-11 08:44:59] [[32minfo[39m] Connect to database successfully!
[2021-12-11 08:44:59] [[32minfo[39m] Connect to database successfully!
[2021-12-11 08:46:44] [[32minfo[39m] Server is listening on port: 3000
[2021-12-11 08:47:12] [[32minfo[39m] =======================APP START========================
[2021-12-11 08:47:12] [[32minfo[39m] Server is listening on port: 3000
[2021-12-11 08:47:39] [[32minfo[39m] Connect to database successfully!
[2021-12-11 08:47:44] [[32minfo[39m] Connect to database successfully!
[2021-12-11 08:47:44] [[32minfo[39m] Connect to database successfully!
[2021-12-11 08:47:47] [[32minfo[39m] Connect to database successfully!
[2021-12-11 08:47:47] [[32minfo[39m] Connect to database successfully!
[2021-12-11 08:47:50] [[32minfo[39m] Connect to database successfully!
[2021-12-11 08:51:56] [[32minfo[39m] Connect to database successfully!
[2021-12-11 08:51:57] [[32minfo[39m] Connect to database successfully!
[2021-12-11 08:51:57] [[32minfo[39m] Connect to database successfully!
[2021-12-11 08:52:08] [[32minfo[39m] home cookie: 5
[2021-12-11 08:52:08] [[32minfo[39m] Connect to database successfully!
[2021-12-11 08:52:08] [[32minfo[39m] Connect to database successfully!
[2021-12-11 08:52:15] [[32minfo[39m] Connect to database successfully!
[2021-12-11 08:52:15] [[32minfo[39m] Connect to database successfully!
[2021-12-11 08:52:15] [[32minfo[39m] Connect to database successfully!
[2021-12-11 08:52:37] [[32minfo[39m] home cookie: 5
[2021-12-11 08:52:37] [[32minfo[39m] Connect to database successfully!
[2021-12-11 08:52:37] [[32minfo[39m] Connect to database successfully!
[2021-12-11 09:16:28] [[32minfo[39m] =======================APP START========================
[2021-12-11 09:16:28] [[32minfo[39m] Server is listening on port: 3000
[2021-12-11 09:17:02] [[32minfo[39m] =======================APP START========================
[2021-12-11 09:17:02] [[32minfo[39m] Server is listening on port: 3000
[2021-12-11 09:17:23] [[32minfo[39m] =======================APP START========================
[2021-12-11 09:17:23] [[32minfo[39m] Server is listening on port: 3000
[2021-12-13 22:05:59] [[32minfo[39m] =======================APP START========================
[2021-12-13 22:05:59] [[32minfo[39m] Server is listening on port: 3000
[2021-12-13 22:06:08] [[32minfo[39m] home cookie: 5
[2021-12-13 22:06:08] [[32minfo[39m] Connect to database successfully!
[2021-12-13 22:06:08] [[32minfo[39m] Connect to database successfully!
[2021-12-13 22:06:15] [[32minfo[39m] Connect to database successfully!
[2021-12-13 22:06:25] [[32minfo[39m] Connect to database successfully!
[2021-12-13 22:06:25] [[32minfo[39m] Connect to database successfully!
[2021-12-13 22:06:25] [[32minfo[39m] Connect to database successfully!
[2021-12-13 22:06:28] [[32minfo[39m] home cookie: 5
[2021-12-13 22:06:28] [[32minfo[39m] Connect to database successfully!
[2021-12-13 22:06:28] [[32minfo[39m] Connect to database successfully!
[2021-12-13 22:07:43] [[32minfo[39m] Connect to database successfully!
[2021-12-13 22:09:44] [[32minfo[39m] home cookie: 5
[2021-12-13 22:09:44] [[32minfo[39m] Connect to database successfully!
[2021-12-13 22:09:44] [[32minfo[39m] Connect to database successfully!
[2021-12-13 22:09:46] [[32minfo[39m] home cookie: 5
[2021-12-13 22:09:46] [[32minfo[39m] Connect to database successfully!
[2021-12-13 22:09:46] [[32minfo[39m] Connect to database successfully!
[2021-12-13 22:09:47] [[32minfo[39m] home cookie: 5
[2021-12-13 22:09:47] [[32minfo[39m] Connect to database successfully!
[2021-12-13 22:09:47] [[32minfo[39m] Connect to database successfully!
[2021-12-13 22:09:48] [[32minfo[39m] home cookie: 5
[2021-12-13 22:09:48] [[32minfo[39m] Connect to database successfully!
[2021-12-13 22:09:48] [[32minfo[39m] Connect to database successfully!
[2021-12-13 22:09:48] [[32minfo[39m] home cookie: 5
[2021-12-13 22:09:48] [[32minfo[39m] Connect to database successfully!
[2021-12-13 22:09:48] [[32minfo[39m] Connect to database successfully!
[2021-12-13 22:10:53] [[32minfo[39m] home cookie: 5
[2021-12-13 22:10:53] [[32minfo[39m] Connect to database successfully!
[2021-12-13 22:10:53] [[32minfo[39m] Connect to database successfully!
[2021-12-13 22:11:04] [[32minfo[39m] Connect to database successfully!
[2021-12-13 22:11:05] [[32minfo[39m] Connect to database successfully!
[2021-12-13 22:11:05] [[32minfo[39m] Connect to database successfully!
[2021-12-13 22:11:07] [[32minfo[39m] home cookie: 5
[2021-12-13 22:11:07] [[32minfo[39m] Connect to database successfully!
[2021-12-13 22:11:07] [[32minfo[39m] Connect to database successfully!
[2021-12-13 22:11:11] [[32minfo[39m] home cookie: 5
[2021-12-13 22:11:11] [[32minfo[39m] Connect to database successfully!
[2021-12-13 22:11:11] [[32minfo[39m] Connect to database successfully!
[2021-12-13 22:11:12] [[32minfo[39m] home cookie: 5
[2021-12-13 22:11:12] [[32minfo[39m] Connect to database successfully!
[2021-12-13 22:11:12] [[32minfo[39m] Connect to database successfully!
[2021-12-13 22:11:19] [[32minfo[39m] Connect to database successfully!
[2021-12-13 22:11:19] [[32minfo[39m] Connect to database successfully!
[2021-12-13 22:11:19] [[32minfo[39m] Connect to database successfully!
[2021-12-13 22:11:24] [[32minfo[39m] home cookie: 5
[2021-12-13 22:11:24] [[32minfo[39m] Connect to database successfully!
[2021-12-13 22:11:24] [[32minfo[39m] Connect to database successfully!
[2021-12-13 22:11:34] [[32minfo[39m] Connect to database successfully!
[2021-12-13 22:11:34] [[32minfo[39m] Connect to database successfully!
[2021-12-13 22:11:34] [[32minfo[39m] Connect to database successfully!
[2021-12-13 22:11:40] [[32minfo[39m] Connect to database successfully!
[2021-12-13 22:11:44] [[32minfo[39m] home cookie: 5
[2021-12-13 22:11:44] [[32minfo[39m] Connect to database successfully!
[2021-12-13 22:11:44] [[32minfo[39m] Connect to database successfully!
[2021-12-13 22:12:33] [[32minfo[39m] home cookie: 5
[2021-12-13 22:12:33] [[32minfo[39m] Connect to database successfully!
[2021-12-13 22:12:33] [[32minfo[39m] Connect to database successfully!
[2021-12-13 22:12:39] [[32minfo[39m] Connect to database successfully!
[2021-12-13 22:12:39] [[32minfo[39m] Connect to database successfully!
[2021-12-13 22:12:39] [[32minfo[39m] Connect to database successfully!
[2021-12-13 22:12:41] [[32minfo[39m] Connect to database successfully!
[2021-12-13 22:12:43] [[32minfo[39m] home cookie: 5
[2021-12-13 22:12:43] [[32minfo[39m] Connect to database successfully!
[2021-12-13 22:12:43] [[32minfo[39m] Connect to database successfully!
[2021-12-13 22:12:58] [[32minfo[39m] home cookie: 5
[2021-12-13 22:12:58] [[32minfo[39m] Connect to database successfully!
[2021-12-13 22:12:58] [[32minfo[39m] Connect to database successfully!
[2021-12-13 22:13:53] [[32minfo[39m] home cookie: 5
[2021-12-13 22:13:53] [[32minfo[39m] Connect to database successfully!
[2021-12-13 22:13:53] [[32minfo[39m] Connect to database successfully!
[2021-12-13 22:14:09] [[32minfo[39m] Connect to database successfully!
[2021-12-13 22:14:09] [[32minfo[39m] Connect to database successfully!
[2021-12-13 22:14:09] [[32minfo[39m] Connect to database successfully!
[2021-12-13 22:14:31] [[32minfo[39m] home cookie: 5
[2021-12-13 22:14:31] [[32minfo[39m] Connect to database successfully!
[2021-12-13 22:14:31] [[32minfo[39m] Connect to database successfully!
[2021-12-13 22:14:43] [[32minfo[39m] Connect to database successfully!
[2021-12-13 22:17:11] [[32minfo[39m] =======================APP START========================
[2021-12-13 22:17:11] [[32minfo[39m] Server is listening on port: 3000
[2021-12-13 22:17:18] [[32minfo[39m] home cookie: undefined
[2021-12-13 22:17:18] [[32minfo[39m] Connect to database successfully!
[2021-12-13 22:17:18] [[32minfo[39m] Connect to database successfully!
[2021-12-13 22:17:27] [[32minfo[39m] Connect to database successfully!
[2021-12-13 22:17:27] [[32minfo[39m] Connect to database successfully!
[2021-12-13 22:17:27] [[32minfo[39m] Connect to database successfully!
[2021-12-13 22:17:33] [[32minfo[39m] Connect to database successfully!
[2021-12-13 22:17:33] [[32minfo[39m] Connect to database successfully!
[2021-12-13 22:17:55] [[32minfo[39m] home cookie: 5
[2021-12-13 22:17:55] [[32minfo[39m] Connect to database successfully!
[2021-12-13 22:17:55] [[32minfo[39m] Connect to database successfully!
[2021-12-13 22:20:57] [[32minfo[39m] =======================APP START========================
[2021-12-13 22:20:57] [[32minfo[39m] Server is listening on port: 3000
[2021-12-13 22:21:01] [[32minfo[39m] home cookie: 5
[2021-12-13 22:21:01] [[32minfo[39m] Connect to database successfully!
[2021-12-13 22:21:01] [[32minfo[39m] Connect to database successfully!
[2021-12-13 22:23:36] [[32minfo[39m] home cookie: 5
[2021-12-13 22:23:36] [[32minfo[39m] Connect to database successfully!
[2021-12-13 22:23:36] [[32minfo[39m] Connect to database successfully!
[2021-12-13 22:23:40] [[32minfo[39m] home cookie: 5
[2021-12-13 22:23:40] [[32minfo[39m] Connect to database successfully!
[2021-12-13 22:23:40] [[32minfo[39m] Connect to database successfully!
[2021-12-13 22:23:42] [[32minfo[39m] home cookie: 5
[2021-12-13 22:23:42] [[32minfo[39m] Connect to database successfully!
[2021-12-13 22:23:42] [[32minfo[39m] Connect to database successfully!
[2021-12-13 22:23:43] [[32minfo[39m] home cookie: 5
[2021-12-13 22:23:43] [[32minfo[39m] Connect to database successfully!
[2021-12-13 22:23:43] [[32minfo[39m] Connect to database successfully!
[2021-12-13 22:23:43] [[32minfo[39m] home cookie: 5
[2021-12-13 22:23:43] [[32minfo[39m] Connect to database successfully!
[2021-12-13 22:23:43] [[32minfo[39m] Connect to database successfully!
[2021-12-13 22:23:44] [[32minfo[39m] home cookie: 5
[2021-12-13 22:23:44] [[32minfo[39m] Connect to database successfully!
[2021-12-13 22:23:44] [[32minfo[39m] Connect to database successfully!
[2021-12-13 22:23:44] [[32minfo[39m] home cookie: 5
[2021-12-13 22:23:44] [[32minfo[39m] Connect to database successfully!
[2021-12-13 22:23:44] [[32minfo[39m] Connect to database successfully!
[2021-12-13 22:23:44] [[32minfo[39m] home cookie: 5
[2021-12-13 22:23:44] [[32minfo[39m] Connect to database successfully!
[2021-12-13 22:23:44] [[32minfo[39m] Connect to database successfully!
[2021-12-13 22:23:45] [[32minfo[39m] home cookie: 5
[2021-12-13 22:23:45] [[32minfo[39m] Connect to database successfully!
[2021-12-13 22:23:45] [[32minfo[39m] Connect to database successfully!
[2021-12-13 22:23:45] [[32minfo[39m] home cookie: 5
[2021-12-13 22:23:45] [[32minfo[39m] Connect to database successfully!
[2021-12-13 22:23:45] [[32minfo[39m] Connect to database successfully!
[2021-12-13 22:23:45] [[32minfo[39m] home cookie: 5
[2021-12-13 22:23:45] [[32minfo[39m] Connect to database successfully!
[2021-12-13 22:23:45] [[32minfo[39m] Connect to database successfully!
[2021-12-13 22:23:46] [[32minfo[39m] home cookie: 5
[2021-12-13 22:23:46] [[32minfo[39m] Connect to database successfully!
[2021-12-13 22:23:46] [[32minfo[39m] Connect to database successfully!
[2021-12-13 22:23:46] [[32minfo[39m] home cookie: 5
[2021-12-13 22:23:46] [[32minfo[39m] Connect to database successfully!
[2021-12-13 22:23:46] [[32minfo[39m] Connect to database successfully!
[2021-12-13 22:23:46] [[32minfo[39m] home cookie: 5
[2021-12-13 22:23:46] [[32minfo[39m] Connect to database successfully!
[2021-12-13 22:23:46] [[32minfo[39m] Connect to database successfully!
[2021-12-13 22:23:47] [[32minfo[39m] home cookie: 5
[2021-12-13 22:23:47] [[32minfo[39m] Connect to database successfully!
[2021-12-13 22:23:47] [[32minfo[39m] Connect to database successfully!
[2021-12-13 22:23:48] [[32minfo[39m] home cookie: 5
[2021-12-13 22:23:48] [[32minfo[39m] Connect to database successfully!
[2021-12-13 22:23:48] [[32minfo[39m] Connect to database successfully!
[2021-12-13 22:23:49] [[32minfo[39m] home cookie: 5
[2021-12-13 22:23:49] [[32minfo[39m] Connect to database successfully!
[2021-12-13 22:23:49] [[32minfo[39m] Connect to database successfully!
[2021-12-13 22:23:50] [[32minfo[39m] home cookie: 5
[2021-12-13 22:23:50] [[32minfo[39m] Connect to database successfully!
[2021-12-13 22:23:50] [[32minfo[39m] Connect to database successfully!
[2021-12-13 22:23:50] [[32minfo[39m] home cookie: 5
[2021-12-13 22:23:50] [[32minfo[39m] Connect to database successfully!
[2021-12-13 22:23:50] [[32minfo[39m] Connect to database successfully!
[2021-12-13 22:23:51] [[32minfo[39m] home cookie: 5
[2021-12-13 22:23:51] [[32minfo[39m] Connect to database successfully!
[2021-12-13 22:23:51] [[32minfo[39m] Connect to database successfully!
[2021-12-13 22:23:51] [[32minfo[39m] home cookie: 5
[2021-12-13 22:23:51] [[32minfo[39m] Connect to database successfully!
[2021-12-13 22:23:51] [[32minfo[39m] Connect to database successfully!
[2021-12-13 22:23:51] [[32minfo[39m] home cookie: 5
[2021-12-13 22:23:51] [[32minfo[39m] Connect to database successfully!
[2021-12-13 22:23:51] [[32minfo[39m] Connect to database successfully!
[2021-12-13 22:23:51] [[32minfo[39m] home cookie: 5
[2021-12-13 22:23:51] [[32minfo[39m] Connect to database successfully!
[2021-12-13 22:23:51] [[32minfo[39m] Connect to database successfully!
[2021-12-13 22:23:52] [[32minfo[39m] home cookie: 5
[2021-12-13 22:23:52] [[32minfo[39m] Connect to database successfully!
[2021-12-13 22:23:52] [[32minfo[39m] Connect to database successfully!
[2021-12-13 22:23:54] [[32minfo[39m] home cookie: 5
[2021-12-13 22:23:54] [[32minfo[39m] Connect to database successfully!
[2021-12-13 22:23:54] [[32minfo[39m] Connect to database successfully!
[2021-12-13 22:23:54] [[32minfo[39m] home cookie: 5
[2021-12-13 22:23:54] [[32minfo[39m] Connect to database successfully!
[2021-12-13 22:23:54] [[32minfo[39m] Connect to database successfully!
[2021-12-13 22:24:13] [[32minfo[39m] home cookie: 5
[2021-12-13 22:24:13] [[32minfo[39m] Connect to database successfully!
[2021-12-13 22:24:13] [[32minfo[39m] Connect to database successfully!
[2021-12-13 22:24:22] [[32minfo[39m] home cookie: 5
[2021-12-13 22:24:22] [[32minfo[39m] Connect to database successfully!
[2021-12-13 22:24:22] [[32minfo[39m] Connect to database successfully!
[2021-12-13 22:24:38] [[32minfo[39m] home cookie: 5
[2021-12-13 22:24:38] [[32minfo[39m] Connect to database successfully!
[2021-12-13 22:24:38] [[32minfo[39m] Connect to database successfully!
[2021-12-13 22:25:23] [[32minfo[39m] home cookie: 5
[2021-12-13 22:25:23] [[32minfo[39m] Connect to database successfully!
[2021-12-13 22:25:23] [[32minfo[39m] Connect to database successfully!
[2021-12-13 22:25:25] [[32minfo[39m] home cookie: 5
[2021-12-13 22:25:25] [[32minfo[39m] Connect to database successfully!
[2021-12-13 22:25:25] [[32minfo[39m] Connect to database successfully!
[2021-12-13 22:25:28] [[32minfo[39m] home cookie: 5
[2021-12-13 22:25:28] [[32minfo[39m] Connect to database successfully!
[2021-12-13 22:25:28] [[32minfo[39m] Connect to database successfully!
[2021-12-13 22:29:13] [[32minfo[39m] home cookie: 5
[2021-12-13 22:29:13] [[32minfo[39m] Connect to database successfully!
[2021-12-13 22:29:13] [[32minfo[39m] Connect to database successfully!
[2021-12-13 22:29:14] [[32minfo[39m] home cookie: 5
[2021-12-13 22:29:14] [[32minfo[39m] Connect to database successfully!
[2021-12-13 22:29:14] [[32minfo[39m] Connect to database successfully!
[2021-12-13 22:29:15] [[32minfo[39m] home cookie: 5
[2021-12-13 22:29:15] [[32minfo[39m] Connect to database successfully!
[2021-12-13 22:29:15] [[32minfo[39m] Connect to database successfully!
[2021-12-13 22:29:17] [[32minfo[39m] home cookie: 5
[2021-12-13 22:29:17] [[32minfo[39m] Connect to database successfully!
[2021-12-13 22:29:17] [[32minfo[39m] Connect to database successfully!
[2021-12-13 22:29:17] [[32minfo[39m] home cookie: 5
[2021-12-13 22:29:17] [[32minfo[39m] Connect to database successfully!
[2021-12-13 22:29:17] [[32minfo[39m] Connect to database successfully!
[2021-12-13 22:29:17] [[32minfo[39m] home cookie: 5
[2021-12-13 22:29:17] [[32minfo[39m] Connect to database successfully!
[2021-12-13 22:29:17] [[32minfo[39m] Connect to database successfully!
[2021-12-13 22:29:18] [[32minfo[39m] home cookie: 5
[2021-12-13 22:29:18] [[32minfo[39m] Connect to database successfully!
[2021-12-13 22:29:18] [[32minfo[39m] Connect to database successfully!
[2021-12-13 22:29:18] [[32minfo[39m] home cookie: 5
[2021-12-13 22:29:18] [[32minfo[39m] Connect to database successfully!
[2021-12-13 22:29:18] [[32minfo[39m] Connect to database successfully!
[2021-12-13 22:29:18] [[32minfo[39m] home cookie: 5
[2021-12-13 22:29:18] [[32minfo[39m] Connect to database successfully!
[2021-12-13 22:29:18] [[32minfo[39m] Connect to database successfully!
[2021-12-13 22:29:18] [[32minfo[39m] home cookie: 5
[2021-12-13 22:29:18] [[32minfo[39m] Connect to database successfully!
[2021-12-13 22:29:18] [[32minfo[39m] Connect to database successfully!
[2021-12-13 22:29:23] [[32minfo[39m] home cookie: 5
[2021-12-13 22:29:23] [[32minfo[39m] Connect to database successfully!
[2021-12-13 22:29:23] [[32minfo[39m] Connect to database successfully!
[2021-12-13 22:29:24] [[32minfo[39m] home cookie: 5
[2021-12-13 22:29:24] [[32minfo[39m] Connect to database successfully!
[2021-12-13 22:29:24] [[32minfo[39m] Connect to database successfully!
[2021-12-13 22:30:53] [[32minfo[39m] =======================APP START========================
[2021-12-13 22:30:53] [[32minfo[39m] Server is listening on port: 3000
[2021-12-13 22:31:48] [[32minfo[39m] =======================APP START========================
[2021-12-13 22:31:48] [[32minfo[39m] Server is listening on port: 3000
[2021-12-13 22:31:51] [[32minfo[39m] =======================APP START========================
[2021-12-13 22:31:51] [[32minfo[39m] Server is listening on port: 3000
[2021-12-13 22:32:05] [[32minfo[39m] Connect to database successfully!
[2021-12-13 22:32:05] [[32minfo[39m] Connect to database successfully!
[2021-12-13 22:32:06] [[32minfo[39m] Connect to database successfully!
[2021-12-13 22:33:43] [[32minfo[39m] =======================APP START========================
[2021-12-13 22:33:43] [[32minfo[39m] Server is listening on port: 3000
[2021-12-13 22:33:54] [[32minfo[39m] Connect to database successfully!
[2021-12-13 22:33:54] [[32minfo[39m] home cookie: 5
[2021-12-13 22:33:54] [[32minfo[39m] Connect to database successfully!
[2021-12-13 22:33:54] [[32minfo[39m] Connect to database successfully!
[2021-12-13 22:34:04] [[32minfo[39m] Connect to database successfully!
[2021-12-13 22:34:04] [[32minfo[39m] home cookie: 5
[2021-12-13 22:34:04] [[32minfo[39m] Connect to database successfully!
[2021-12-13 22:34:04] [[32minfo[39m] Connect to database successfully!
[2021-12-13 22:34:08] [[32minfo[39m] home cookie: 5
[2021-12-13 22:34:08] [[32minfo[39m] Connect to database successfully!
[2021-12-13 22:34:08] [[32minfo[39m] Connect to database successfully!
[2021-12-13 22:34:12] [[32minfo[39m] Connect to database successfully!
[2021-12-13 22:34:18] [[32minfo[39m] Connect to database successfully!
[2021-12-13 22:34:25] [[32minfo[39m] Connect to database successfully!
[2021-12-13 22:34:25] [[32minfo[39m] home cookie: 5
[2021-12-13 22:34:25] [[32minfo[39m] Connect to database successfully!
[2021-12-13 22:34:25] [[32minfo[39m] Connect to database successfully!
[2021-12-13 22:41:21] [[32minfo[39m] Connect to database successfully!
[2021-12-13 22:41:21] [[32minfo[39m] Connect to database successfully!
[2021-12-13 22:41:46] [[32minfo[39m] =======================APP START========================
[2021-12-13 22:41:46] [[32minfo[39m] Server is listening on port: 3000
[2021-12-13 22:45:16] [[32minfo[39m] =======================APP START========================
[2021-12-13 22:45:16] [[32minfo[39m] Server is listening on port: 3000
[2021-12-13 22:46:05] [[32minfo[39m] =======================APP START========================
[2021-12-13 22:46:05] [[32minfo[39m] Server is listening on port: 3000
[2021-12-13 22:46:24] [[32minfo[39m] =======================APP START========================
[2021-12-13 22:46:24] [[32minfo[39m] Server is listening on port: 3000
[2021-12-13 22:46:27] [[32minfo[39m] Connect to database successfully!
[2021-12-13 22:46:27] [[32minfo[39m] Connect to database successfully!
[2021-12-13 22:46:32] [[32minfo[39m] Connect to database successfully!
[2021-12-13 22:46:38] [[32minfo[39m] Connect to database successfully!
[2021-12-13 22:46:38] [[32minfo[39m] home cookie: 5
[2021-12-13 22:46:38] [[32minfo[39m] Connect to database successfully!
[2021-12-13 22:46:38] [[32minfo[39m] Connect to database successfully!
[2021-12-13 22:46:41] [[32minfo[39m] Connect to database successfully!
[2021-12-13 22:46:44] [[32minfo[39m] Connect to database successfully!
[2021-12-13 22:47:06] [[32minfo[39m] =======================APP START========================
[2021-12-13 22:47:06] [[32minfo[39m] Server is listening on port: 3000
[2021-12-13 22:48:37] [[32minfo[39m] Connect to database successfully!
[2021-12-13 22:48:37] [[32minfo[39m] Connect to database successfully!
[2021-12-13 22:48:41] [[32minfo[39m] Connect to database successfully!
[2021-12-13 22:48:41] [[32minfo[39m] Connect to database successfully!
[2021-12-13 22:49:11] [[32minfo[39m] =======================APP START========================
[2021-12-13 22:49:11] [[32minfo[39m] Server is listening on port: 3000
[2021-12-13 22:49:52] [[32minfo[39m] home cookie: 5
[2021-12-13 22:49:53] [[32minfo[39m] Connect to database successfully!
[2021-12-13 22:49:53] [[32minfo[39m] Connect to database successfully!
[2021-12-13 22:50:01] [[32minfo[39m] Connect to database successfully!
[2021-12-13 22:50:01] [[32minfo[39m] Connect to database successfully!
[2021-12-13 22:50:05] [[32minfo[39m] Connect to database successfully!
[2021-12-13 23:01:35] [[32minfo[39m] home cookie: undefined
[2021-12-13 23:01:35] [[32minfo[39m] Connect to database successfully!
[2021-12-13 23:01:35] [[32minfo[39m] Connect to database successfully!
[2021-12-13 23:02:14] [[32minfo[39m] home cookie: undefined
[2021-12-13 23:02:14] [[32minfo[39m] Connect to database successfully!
[2021-12-13 23:02:14] [[32minfo[39m] Connect to database successfully!
[2021-12-13 23:04:22] [[32minfo[39m] home cookie: undefined
[2021-12-13 23:04:22] [[32minfo[39m] Connect to database successfully!
[2021-12-13 23:04:22] [[32minfo[39m] Connect to database successfully!
[2021-12-13 23:04:24] [[32minfo[39m] home cookie: undefined
[2021-12-13 23:04:24] [[32minfo[39m] Connect to database successfully!
[2021-12-13 23:04:24] [[32minfo[39m] Connect to database successfully!
[2021-12-13 23:04:25] [[32minfo[39m] home cookie: undefined
[2021-12-13 23:04:25] [[32minfo[39m] Connect to database successfully!
[2021-12-13 23:04:25] [[32minfo[39m] Connect to database successfully!
[2021-12-13 23:04:25] [[32minfo[39m] home cookie: undefined
[2021-12-13 23:04:25] [[32minfo[39m] Connect to database successfully!
[2021-12-13 23:04:25] [[32minfo[39m] Connect to database successfully!
[2021-12-13 23:04:25] [[32minfo[39m] home cookie: undefined
[2021-12-13 23:04:25] [[32minfo[39m] Connect to database successfully!
[2021-12-13 23:04:25] [[32minfo[39m] Connect to database successfully!
[2021-12-13 23:08:34] [[32minfo[39m] Connect to database successfully!
[2021-12-13 23:08:34] [[32minfo[39m] home cookie: 5
[2021-12-13 23:08:34] [[32minfo[39m] Connect to database successfully!
[2021-12-13 23:08:34] [[32minfo[39m] Connect to database successfully!
[2021-12-13 23:08:40] [[32minfo[39m] home cookie: 5
[2021-12-13 23:08:40] [[32minfo[39m] Connect to database successfully!
[2021-12-13 23:08:40] [[32minfo[39m] Connect to database successfully!
[2021-12-13 23:09:14] [[32minfo[39m] =======================APP START========================
[2021-12-13 23:09:14] [[32minfo[39m] Server is listening on port: 3000
[2021-12-13 23:09:28] [[32minfo[39m] Connect to database successfully!
[2021-12-13 23:11:17] [[32minfo[39m] Connect to database successfully!
[2021-12-13 23:11:54] [[32minfo[39m] Connect to database successfully!
[2021-12-13 23:12:35] [[32minfo[39m] Connect to database successfully!
[2021-12-13 23:13:41] [[32minfo[39m] Connect to database successfully!
[2021-12-13 23:15:19] [[32minfo[39m] Connect to database successfully!
[2021-12-13 23:17:18] [[32minfo[39m] Connect to database successfully!
[2021-12-13 23:18:56] [[32minfo[39m] Connect to database successfully!
[2021-12-13 23:18:56] [[32minfo[39m] Connect to database successfully!
[2021-12-13 23:20:52] [[32minfo[39m] Connect to database successfully!
[2021-12-13 23:20:53] [[32minfo[39m] Connect to database successfully!
[2021-12-13 23:20:53] [[32minfo[39m] Connect to database successfully!
[2021-12-13 23:22:33] [[32minfo[39m] Connect to database successfully!
[2021-12-13 23:23:10] [[32minfo[39m] Connect to database successfully!
[2021-12-13 23:23:33] [[32minfo[39m] Connect to database successfully!
[2021-12-13 23:23:33] [[32minfo[39m] Connect to database successfully!
[2021-12-13 23:23:34] [[32minfo[39m] Connect to database successfully!
[2021-12-13 23:24:11] [[32minfo[39m] Connect to database successfully!
[2021-12-13 23:24:18] [[32minfo[39m] Connect to database successfully!
[2021-12-13 23:24:18] [[32minfo[39m] Connect to database successfully!
[2021-12-13 23:24:20] [[32minfo[39m] Connect to database successfully!
[2021-12-13 23:25:31] [[32minfo[39m] Connect to database successfully!
[2021-12-13 23:27:17] [[32minfo[39m] Connect to database successfully!
[2021-12-13 23:27:17] [[32minfo[39m] Connect to database successfully!
[2021-12-13 23:27:19] [[32minfo[39m] Connect to database successfully!
[2021-12-13 23:28:17] [[32minfo[39m] Connect to database successfully!
[2021-12-13 23:28:46] [[32minfo[39m] Connect to database successfully!
[2021-12-13 23:28:47] [[32minfo[39m] Connect to database successfully!
[2021-12-13 23:28:47] [[32minfo[39m] Connect to database successfully!
[2021-12-13 23:29:25] [[32minfo[39m] Connect to database successfully!
[2021-12-13 23:30:29] [[32minfo[39m] Connect to database successfully!
[2021-12-13 23:31:12] [[32minfo[39m] Connect to database successfully!
[2021-12-13 23:32:30] [[32minfo[39m] Connect to database successfully!
[2021-12-13 23:32:45] [[32minfo[39m] Connect to database successfully!
